This file contains any messages produced by compilers while
running configure, to aid debugging if configure makes a mistake.

It was created by configure, which was
generated by GNU Autoconf 2.63.  Invocation command line was

  $ /nfs/sw/libxml/libxml-2.0/configure 

## --------- ##
## Platform. ##
## --------- ##

hostname = mskilab01.nygenome.org
uname -m = x86_64
uname -r = 3.10.0-327.18.2.el7.x86_64
uname -s = Linux
uname -v = #1 SMP Thu May 12 11:03:55 UTC 2016

/usr/bin/uname -p = x86_64
/bin/uname -X     = unknown

/bin/arch              = x86_64
/usr/bin/arch -k       = unknown
/usr/convex/getsysinfo = unknown
/usr/bin/hostinfo      = unknown
/bin/machine           = unknown
/usr/bin/oslevel       = unknown
/bin/universe          = unknown

PATH: /gpfs/commons/home/knagdimov/lab/.local/bin/
PATH: /gpfs/commons/home/knagdimov/git/dapars/
PATH: /gpfs/commons/home/knagdimov/lab/git/MACS/bin/
PATH: /gpfs/commons/home/knagdimov/scripts/
PATH: /gpfs/commons/home/knagdimov/modules/Snowman/
PATH: /gpfs/commons/home/knagdimov/modules/STAR
PATH: /nethome/mimielinski/Software/sshpass-1.05
PATH: /gpfs/commons/home/knagdimov/Software/sratoolkit.2.5.7-centos_linux64/bin
PATH: /gpfs/commons/home/knagdimov/Software/HMMCopy/HMMcopy/bin/
PATH: /gpfs/commons/home/knagdimov/Software/UCSC/
PATH: /nfs/sw/emacs/emacs-24.5/bin
PATH: /gpfs/commons/home/knagdimov/lab/.local/bin/
PATH: /gpfs/commons/home/knagdimov/git/dapars/
PATH: /gpfs/commons/home/knagdimov/lab/git/MACS/bin/
PATH: /gpfs/commons/home/knagdimov/scripts/
PATH: /gpfs/commons/home/knagdimov/modules/Snowman/
PATH: /gpfs/commons/home/knagdimov/modules/STAR
PATH: /nethome/mimielinski/Software/sshpass-1.05
PATH: /gpfs/commons/home/knagdimov/Software/sratoolkit.2.5.7-centos_linux64/bin
PATH: /gpfs/commons/home/knagdimov/Software/HMMCopy/HMMcopy/bin/
PATH: /gpfs/commons/home/knagdimov/Software/UCSC/
PATH: /nfs/sw/emacs/emacs-24.5/bin
PATH: /nethome/mimielinski/perl5/bin
PATH: /opt/sge/bin
PATH: /opt/sge/bin/lx-amd64
PATH: /gpfs/commons/home/knagdimov/lab/.local/bin/
PATH: /gpfs/commons/home/knagdimov/git/dapars/
PATH: /gpfs/commons/home/knagdimov/lab/git/MACS/bin/
PATH: /gpfs/commons/home/knagdimov/scripts/
PATH: /gpfs/commons/home/knagdimov/modules/Snowman/
PATH: /gpfs/commons/home/knagdimov/modules/STAR
PATH: /nethome/mimielinski/Software/sshpass-1.05
PATH: /gpfs/commons/home/knagdimov/Software/sratoolkit.2.5.7-centos_linux64/bin
PATH: /gpfs/commons/home/knagdimov/Software/HMMCopy/HMMcopy/bin/
PATH: /gpfs/commons/home/knagdimov/Software/UCSC/
PATH: /nfs/sw/emacs/emacs-24.5/bin
PATH: /nethome/mimielinski/perl5/bin
PATH: /opt/sge/bin
PATH: /opt/sge/bin/lx-amd64
PATH: /nfs/sw/libxml/libxml-2.0
PATH: /nfs/sw/R/R-3.3.0/bin
PATH: /nfs/sw/python/python-3.5.1/share
PATH: /nfs/sw/python/python-3.5.1/include
PATH: /nfs/sw/python/python-3.5.1/lib
PATH: /nfs/sw/python/python-3.5.1/bin
PATH: /nfs/sw/python/python-3.5.1
PATH: /nfs/sw/bedtools/bedtools-2.25.0//tutorial
PATH: /nfs/sw/bedtools/bedtools-2.25.0//scripts
PATH: /nfs/sw/bedtools/bedtools-2.25.0//obj
PATH: /nfs/sw/bedtools/bedtools-2.25.0//genomes
PATH: /nfs/sw/bedtools/bedtools-2.25.0//docs
PATH: /nfs/sw/bedtools/bedtools-2.25.0//data
PATH: /nfs/sw/bedtools/bedtools-2.25.0//bin
PATH: /nfs/sw/bedtools/bedtools-2.25.0/
PATH: /nfs/sw/samtools/samtools-1.3.1//bin
PATH: /nfs/sw/samtools/samtools-1.3.1/
PATH: /gpfs/commons/home/knagdimov/lab/.local/bin/
PATH: /gpfs/commons/home/knagdimov/git/dapars/
PATH: /gpfs/commons/home/knagdimov/lab/git/MACS/bin/
PATH: /gpfs/commons/home/knagdimov/scripts/
PATH: /gpfs/commons/home/knagdimov/modules/Snowman/
PATH: /gpfs/commons/home/knagdimov/modules/STAR
PATH: /nethome/mimielinski/Software/sshpass-1.05
PATH: /gpfs/commons/home/knagdimov/Software/sratoolkit.2.5.7-centos_linux64/bin
PATH: /gpfs/commons/home/knagdimov/Software/HMMCopy/HMMcopy/bin/
PATH: /gpfs/commons/home/knagdimov/Software/UCSC/
PATH: /nfs/sw/emacs/emacs-24.5/bin
PATH: /opt/sge/bin
PATH: /opt/sge/bin/lx-amd64
PATH: /usr/local/bin
PATH: /usr/bin
PATH: /usr/local/sbin
PATH: /usr/sbin
PATH: /usr/lpp/mmfs/bin/
PATH: /gpfs/commons/home/knagdimov/bin
PATH: /gpfs/commons/home/knagdimov/dev/scripts/
PATH: /gpfs/commons/home/knagdimov/Scripts/bash
PATH: /gpfs/commons/home/knagdimov/lab/Software/CPLEX/CPLEX_Studio/cplex/bin/x86-64_linux/
PATH: /gpfs/commons/home/knagdimov/SeqLib/bin/
PATH: /usr/lpp/mmfs/bin/
PATH: /gpfs/commons/home/knagdimov/bin
PATH: /gpfs/commons/home/knagdimov/dev/scripts/
PATH: /gpfs/commons/home/knagdimov/Scripts/bash
PATH: /gpfs/commons/home/knagdimov/lab/Software/CPLEX/CPLEX_Studio/cplex/bin/x86-64_linux/
PATH: /gpfs/commons/home/knagdimov/SeqLib/bin/
PATH: /usr/lpp/mmfs/bin/
PATH: /gpfs/commons/home/knagdimov/bin
PATH: /gpfs/commons/home/knagdimov/dev/scripts/
PATH: /gpfs/commons/home/knagdimov/Scripts/bash
PATH: /gpfs/commons/home/knagdimov/lab/Software/CPLEX/CPLEX_Studio/cplex/bin/x86-64_linux/
PATH: /gpfs/commons/home/knagdimov/SeqLib/bin/
PATH: /gpfs/commons/home/knagdimov/bin
PATH: /gpfs/commons/home/knagdimov/dev/scripts/
PATH: /gpfs/commons/home/knagdimov/Scripts/bash
PATH: /gpfs/commons/home/knagdimov/lab/Software/CPLEX/CPLEX_Studio/cplex/bin/x86-64_linux/
PATH: /gpfs/commons/home/knagdimov/SeqLib/bin/


## ----------- ##
## Core tests. ##
## ----------- ##

configure:2273: checking build system type
configure:2291: result: x86_64-unknown-linux-gnu
configure:2313: checking host system type
configure:2328: result: x86_64-unknown-linux-gnu
configure:2410: checking for a BSD-compatible install
configure:2478: result: /usr/bin/install -c
configure:2489: checking whether build environment is sane
configure:2549: result: yes
configure:2690: checking for a thread-safe mkdir -p
configure:2729: result: /usr/bin/mkdir -p
configure:2742: checking for gawk
configure:2758: found /usr/bin/gawk
configure:2769: result: gawk
configure:2780: checking whether make sets $(MAKE)
configure:2802: result: yes
configure:2826: error: source directory already configured; run "make distclean" there first

## ---------------- ##
## Cache variables. ##
## ---------------- ##

ac_cv_build=x86_64-unknown-linux-gnu
ac_cv_env_CC_set=
ac_cv_env_CC_value=
ac_cv_env_CFLAGS_set=set
ac_cv_env_CFLAGS_value='-UNDEBUG -Wall -pedantic -g -O0'
ac_cv_env_CPPFLAGS_set=
ac_cv_env_CPPFLAGS_value=
ac_cv_env_CPP_set=
ac_cv_env_CPP_value=
ac_cv_env_LDFLAGS_set=
ac_cv_env_LDFLAGS_value=
ac_cv_env_LIBS_set=
ac_cv_env_LIBS_value=
ac_cv_env_LZMA_CFLAGS_set=
ac_cv_env_LZMA_CFLAGS_value=
ac_cv_env_LZMA_LIBS_set=
ac_cv_env_LZMA_LIBS_value=
ac_cv_env_PKG_CONFIG_set=
ac_cv_env_PKG_CONFIG_value=
ac_cv_env_build_alias_set=
ac_cv_env_build_alias_value=
ac_cv_env_host_alias_set=
ac_cv_env_host_alias_value=
ac_cv_env_target_alias_set=
ac_cv_env_target_alias_value=
ac_cv_host=x86_64-unknown-linux-gnu
ac_cv_path_install='/usr/bin/install -c'
ac_cv_path_mkdir=/usr/bin/mkdir
ac_cv_prog_AWK=gawk
ac_cv_prog_make_make_set=yes

## ----------------- ##
## Output variables. ##
## ----------------- ##

ACLOCAL=''
AMDEPBACKSLASH=''
AMDEP_FALSE=''
AMDEP_TRUE=''
AMTAR=''
AM_BACKSLASH=''
AM_DEFAULT_VERBOSITY=''
AR=''
AUTOCONF=''
AUTOHEADER=''
AUTOMAKE=''
AWK='gawk'
BASE_THREAD_LIBS=''
C14N_OBJ=''
CATALOG_OBJ=''
CC=''
CCDEPMODE=''
CFLAGS='-UNDEBUG -Wall -pedantic -g -O0'
CPP=''
CPPFLAGS=''
CYGPATH_W=''
CYGWIN_EXTRA_LDFLAGS=''
CYGWIN_EXTRA_PYTHON_LIBADD=''
DEBUG_OBJ=''
DEFS=''
DEPDIR=''
DOCB_OBJ=''
DSYMUTIL=''
DUMPBIN=''
ECHO_C=''
ECHO_N='-n'
ECHO_T=''
EGREP=''
EXEEXT=''
FGREP=''
FTP_OBJ=''
GREP=''
HAVE_ISINF=''
HAVE_ISNAN=''
HTML_DIR=''
HTML_OBJ=''
HTTP_OBJ=''
ICONV_LIBS=''
ICU_LIBS=''
INSTALL_DATA='${INSTALL} -m 644'
INSTALL_PROGRAM='${INSTALL}'
INSTALL_SCRIPT='${INSTALL}'
INSTALL_STRIP_PROGRAM='$(install_sh) -c -s'
LD=''
LDFLAGS=''
LIBOBJS=''
LIBS=''
LIBTOOL=''
LIBXML_MAJOR_VERSION='2'
LIBXML_MICRO_VERSION='2'
LIBXML_MINOR_VERSION='9'
LIBXML_VERSION='2.9.2'
LIBXML_VERSION_EXTRA=''
LIBXML_VERSION_INFO='11:2:9'
LIBXML_VERSION_NUMBER='20902'
LIPO=''
LN_S='ln -s'
LTLIBOBJS=''
LZMA_CFLAGS=''
LZMA_LIBS=''
MAKEINFO=''
MKDIR_P='/usr/bin/mkdir -p'
MODULE_EXTENSION=''
MODULE_PLATFORM_LIBS=''
MV=''
M_LIBS=''
NM=''
NMEDIT=''
OBJDUMP=''
OBJEXT=''
OTOOL64=''
OTOOL=''
PACKAGE=''
PACKAGE_BUGREPORT=''
PACKAGE_NAME=''
PACKAGE_STRING=''
PACKAGE_TARNAME=''
PACKAGE_VERSION=''
PATH_SEPARATOR=':'
PERL=''
PKG_CONFIG=''
PYTHON=''
PYTHON_INCLUDES=''
PYTHON_LIBS=''
PYTHON_SITE_PACKAGES=''
PYTHON_SUBDIR=''
PYTHON_TESTS=''
PYTHON_VERSION=''
RANLIB=''
RDL_LIBS=''
READER_TEST=''
REBUILD_DOCS_FALSE=''
REBUILD_DOCS_TRUE=''
RELDATE=''
SED='/bin/sed'
SET_MAKE=''
SHELL='/bin/sh'
STATIC_BINARIES=''
STRIP=''
TAR='/bin/gtar'
TEST_C14N=''
TEST_CATALOG=''
TEST_DEBUG=''
TEST_HTML=''
TEST_MODULES=''
TEST_PATTERN=''
TEST_PHTML=''
TEST_PUSH=''
TEST_REGEXPS=''
TEST_SAX=''
TEST_SCHEMAS=''
TEST_SCHEMATRON=''
TEST_THREADS=''
TEST_VALID=''
TEST_VTIME=''
TEST_XINCLUDE=''
TEST_XPATH=''
TEST_XPTR=''
THREADS_W32_FALSE=''
THREADS_W32_TRUE=''
THREAD_CFLAGS=''
THREAD_LIBS=''
USE_VERSION_SCRIPT_FALSE=''
USE_VERSION_SCRIPT_TRUE=''
VERSION='2.9.2'
VERSION_SCRIPT_FLAGS=''
WGET=''
WIN32_EXTRA_LDFLAGS=''
WIN32_EXTRA_LIBADD=''
WIN32_EXTRA_PYTHON_LIBADD=''
WITH_C14N=''
WITH_CATALOG=''
WITH_DEBUG=''
WITH_DOCB=''
WITH_FTP=''
WITH_HTML=''
WITH_HTTP=''
WITH_ICONV=''
WITH_ICU=''
WITH_ISO8859X=''
WITH_LEGACY=''
WITH_LZMA=''
WITH_MEM_DEBUG=''
WITH_MODULES=''
WITH_OUTPUT=''
WITH_PATTERN=''
WITH_PUSH=''
WITH_PYTHON_FALSE=''
WITH_PYTHON_TRUE=''
WITH_READER=''
WITH_REGEXPS=''
WITH_RUN_DEBUG=''
WITH_SAX1=''
WITH_SAX1_SOURCES_FALSE=''
WITH_SAX1_SOURCES_TRUE=''
WITH_SCHEMAS=''
WITH_SCHEMATRON=''
WITH_THREADS=''
WITH_THREAD_ALLOC=''
WITH_TREE=''
WITH_TRIO=''
WITH_TRIO_SOURCES_FALSE=''
WITH_TRIO_SOURCES_TRUE=''
WITH_VALID=''
WITH_WRITER=''
WITH_XINCLUDE=''
WITH_XPATH=''
WITH_XPTR=''
WITH_ZLIB=''
XINCLUDE_OBJ=''
XMLLINT=''
XML_CFLAGS=''
XML_INCLUDEDIR=''
XML_LIBDIR=''
XML_LIBS=''
XML_LIBTOOLLIBS=''
XPATH_OBJ=''
XPTR_OBJ=''
XSLTPROC=''
Z_CFLAGS=''
Z_LIBS=''
ac_ct_CC=''
ac_ct_DUMPBIN=''
am__EXEEXT_FALSE=''
am__EXEEXT_TRUE=''
am__fastdepCC_FALSE=''
am__fastdepCC_TRUE=''
am__include=''
am__isrc=' -I$(srcdir)'
am__leading_dot='.'
am__quote=''
am__tar=''
am__untar=''
bindir='${exec_prefix}/bin'
build='x86_64-unknown-linux-gnu'
build_alias=''
build_cpu='x86_64'
build_os='linux-gnu'
build_vendor='unknown'
datadir='${datarootdir}'
datarootdir='${prefix}/share'
docdir='${datarootdir}/doc/${PACKAGE}'
dvidir='${docdir}'
exec_prefix='NONE'
host='x86_64-unknown-linux-gnu'
host_alias=''
host_cpu='x86_64'
host_os='linux-gnu'
host_vendor='unknown'
htmldir='${docdir}'
includedir='${prefix}/include'
infodir='${datarootdir}/info'
install_sh='${SHELL} /nfs/sw/libxml/libxml-2.0/install-sh'
libdir='${exec_prefix}/lib'
libexecdir='${exec_prefix}/libexec'
localedir='${datarootdir}/locale'
localstatedir='${prefix}/var'
lt_ECHO='echo'
mandir='${datarootdir}/man'
mkdir_p='/usr/bin/mkdir -p'
oldincludedir='/usr/include'
pdfdir='${docdir}'
prefix='NONE'
program_transform_name='s,x,x,'
psdir='${docdir}'
pythondir=''
sbindir='${exec_prefix}/sbin'
sharedstatedir='${prefix}/com'
sysconfdir='${prefix}/etc'
target_alias=''

## ----------- ##
## confdefs.h. ##
## ----------- ##

#define PACKAGE_NAME ""
#define PACKAGE_TARNAME ""
#define PACKAGE_VERSION ""
#define PACKAGE_STRING ""
#define PACKAGE_BUGREPORT ""

configure: exit 1
