This file contains any messages produced by compilers while
running configure, to aid debugging if configure makes a mistake.

It was created by HTSlib configure 1.3.2, which was
generated by GNU Autoconf 2.69.  Invocation command line was

  $ ./configure 

## --------- ##
## Platform. ##
## --------- ##

hostname = mskilab01.nygenome.org
uname -m = x86_64
uname -r = 3.10.0-327.18.2.el7.x86_64
uname -s = Linux
uname -v = #1 SMP Thu May 12 11:03:55 UTC 2016

/usr/bin/uname -p = x86_64
/bin/uname -X     = unknown

/bin/arch              = x86_64
/usr/bin/arch -k       = unknown
/usr/convex/getsysinfo = unknown
/usr/bin/hostinfo      = unknown
/bin/machine           = unknown
/usr/bin/oslevel       = unknown
/bin/universe          = unknown

PATH: /gpfs/commons/home/knagdimov/lab/.local/bin/
PATH: /gpfs/commons/home/knagdimov/git/dapars/
PATH: /gpfs/commons/home/knagdimov/lab/git/MACS/bin/
PATH: /gpfs/commons/home/knagdimov/scripts/
PATH: /gpfs/commons/home/knagdimov/modules/Snowman/
PATH: /gpfs/commons/home/knagdimov/modules/STAR
PATH: /nethome/mimielinski/Software/sshpass-1.05
PATH: /gpfs/commons/home/knagdimov/Software/sratoolkit.2.5.7-centos_linux64/bin
PATH: /gpfs/commons/home/knagdimov/Software/HMMCopy/HMMcopy/bin/
PATH: /gpfs/commons/home/knagdimov/Software/UCSC/
PATH: /nfs/sw/emacs/emacs-24.5/bin
PATH: /gpfs/commons/home/knagdimov/lab/.local/bin/
PATH: /gpfs/commons/home/knagdimov/git/dapars/
PATH: /gpfs/commons/home/knagdimov/lab/git/MACS/bin/
PATH: /gpfs/commons/home/knagdimov/scripts/
PATH: /gpfs/commons/home/knagdimov/modules/Snowman/
PATH: /gpfs/commons/home/knagdimov/modules/STAR
PATH: /nethome/mimielinski/Software/sshpass-1.05
PATH: /gpfs/commons/home/knagdimov/Software/sratoolkit.2.5.7-centos_linux64/bin
PATH: /gpfs/commons/home/knagdimov/Software/HMMCopy/HMMcopy/bin/
PATH: /gpfs/commons/home/knagdimov/Software/UCSC/
PATH: /nfs/sw/emacs/emacs-24.5/bin
PATH: /nethome/mimielinski/perl5/bin
PATH: /opt/sge/bin
PATH: /opt/sge/bin/lx-amd64
PATH: /gpfs/commons/home/knagdimov/lab/.local/bin/
PATH: /gpfs/commons/home/knagdimov/git/dapars/
PATH: /gpfs/commons/home/knagdimov/lab/git/MACS/bin/
PATH: /gpfs/commons/home/knagdimov/scripts/
PATH: /gpfs/commons/home/knagdimov/modules/Snowman/
PATH: /gpfs/commons/home/knagdimov/modules/STAR
PATH: /nethome/mimielinski/Software/sshpass-1.05
PATH: /gpfs/commons/home/knagdimov/Software/sratoolkit.2.5.7-centos_linux64/bin
PATH: /gpfs/commons/home/knagdimov/Software/HMMCopy/HMMcopy/bin/
PATH: /gpfs/commons/home/knagdimov/Software/UCSC/
PATH: /nfs/sw/emacs/emacs-24.5/bin
PATH: /nethome/mimielinski/perl5/bin
PATH: /opt/sge/bin
PATH: /opt/sge/bin/lx-amd64
PATH: /nfs/sw/libxml/libxml-2.0
PATH: /nfs/sw/R/R-3.3.0/bin
PATH: /nfs/sw/python/python-3.5.1/share
PATH: /nfs/sw/python/python-3.5.1/include
PATH: /nfs/sw/python/python-3.5.1/lib
PATH: /nfs/sw/python/python-3.5.1/bin
PATH: /nfs/sw/python/python-3.5.1
PATH: /nfs/sw/bedtools/bedtools-2.25.0//tutorial
PATH: /nfs/sw/bedtools/bedtools-2.25.0//scripts
PATH: /nfs/sw/bedtools/bedtools-2.25.0//obj
PATH: /nfs/sw/bedtools/bedtools-2.25.0//genomes
PATH: /nfs/sw/bedtools/bedtools-2.25.0//docs
PATH: /nfs/sw/bedtools/bedtools-2.25.0//data
PATH: /nfs/sw/bedtools/bedtools-2.25.0//bin
PATH: /nfs/sw/bedtools/bedtools-2.25.0/
PATH: /nfs/sw/samtools/samtools-1.3.1//bin
PATH: /nfs/sw/samtools/samtools-1.3.1/
PATH: /gpfs/commons/home/knagdimov/lab/.local/bin/
PATH: /gpfs/commons/home/knagdimov/git/dapars/
PATH: /gpfs/commons/home/knagdimov/lab/git/MACS/bin/
PATH: /gpfs/commons/home/knagdimov/scripts/
PATH: /gpfs/commons/home/knagdimov/modules/Snowman/
PATH: /gpfs/commons/home/knagdimov/modules/STAR
PATH: /nethome/mimielinski/Software/sshpass-1.05
PATH: /gpfs/commons/home/knagdimov/Software/sratoolkit.2.5.7-centos_linux64/bin
PATH: /gpfs/commons/home/knagdimov/Software/HMMCopy/HMMcopy/bin/
PATH: /gpfs/commons/home/knagdimov/Software/UCSC/
PATH: /nfs/sw/emacs/emacs-24.5/bin
PATH: /opt/sge/bin
PATH: /opt/sge/bin/lx-amd64
PATH: /usr/local/bin
PATH: /usr/bin
PATH: /usr/local/sbin
PATH: /usr/sbin
PATH: /usr/lpp/mmfs/bin/
PATH: /gpfs/commons/home/knagdimov/bin
PATH: /gpfs/commons/home/knagdimov/dev/scripts/
PATH: /gpfs/commons/home/knagdimov/Scripts/bash
PATH: /gpfs/commons/home/knagdimov/lab/Software/CPLEX/CPLEX_Studio/cplex/bin/x86-64_linux/
PATH: /gpfs/commons/home/knagdimov/SeqLib/bin/
PATH: /usr/lpp/mmfs/bin/
PATH: /gpfs/commons/home/knagdimov/bin
PATH: /gpfs/commons/home/knagdimov/dev/scripts/
PATH: /gpfs/commons/home/knagdimov/Scripts/bash
PATH: /gpfs/commons/home/knagdimov/lab/Software/CPLEX/CPLEX_Studio/cplex/bin/x86-64_linux/
PATH: /gpfs/commons/home/knagdimov/SeqLib/bin/
PATH: /usr/lpp/mmfs/bin/
PATH: /gpfs/commons/home/knagdimov/bin
PATH: /gpfs/commons/home/knagdimov/dev/scripts/
PATH: /gpfs/commons/home/knagdimov/Scripts/bash
PATH: /gpfs/commons/home/knagdimov/lab/Software/CPLEX/CPLEX_Studio/cplex/bin/x86-64_linux/
PATH: /gpfs/commons/home/knagdimov/SeqLib/bin/
PATH: /gpfs/commons/home/knagdimov/bin
PATH: /gpfs/commons/home/knagdimov/dev/scripts/
PATH: /gpfs/commons/home/knagdimov/Scripts/bash
PATH: /gpfs/commons/home/knagdimov/lab/Software/CPLEX/CPLEX_Studio/cplex/bin/x86-64_linux/
PATH: /gpfs/commons/home/knagdimov/SeqLib/bin/


## ----------- ##
## Core tests. ##
## ----------- ##

configure:2145: checking for gcc
configure:2161: found /usr/bin/gcc
configure:2172: result: gcc
configure:2401: checking for C compiler version
configure:2410: gcc --version >&5
gcc (GCC) 4.8.5 20150623 (Red Hat 4.8.5-4)
Copyright (C) 2015 Free Software Foundation, Inc.
This is free software; see the source for copying conditions.  There is NO
warranty; not even for MERCHANTABILITY or FITNESS FOR A PARTICULAR PURPOSE.

configure:2421: $? = 0
configure:2410: gcc -v >&5
Using built-in specs.
COLLECT_GCC=gcc
COLLECT_LTO_WRAPPER=/usr/libexec/gcc/x86_64-redhat-linux/4.8.5/lto-wrapper
Target: x86_64-redhat-linux
Configured with: ../configure --prefix=/usr --mandir=/usr/share/man --infodir=/usr/share/info --with-bugurl=http://bugzilla.redhat.com/bugzilla --enable-bootstrap --enable-shared --enable-threads=posix --enable-checking=release --with-system-zlib --enable-__cxa_atexit --disable-libunwind-exceptions --enable-gnu-unique-object --enable-linker-build-id --with-linker-hash-style=gnu --enable-languages=c,c++,objc,obj-c++,java,fortran,ada,go,lto --enable-plugin --enable-initfini-array --disable-libgcj --with-isl=/builddir/build/BUILD/gcc-4.8.5-20150702/obj-x86_64-redhat-linux/isl-install --with-cloog=/builddir/build/BUILD/gcc-4.8.5-20150702/obj-x86_64-redhat-linux/cloog-install --enable-gnu-indirect-function --with-tune=generic --with-arch_32=x86-64 --build=x86_64-redhat-linux
Thread model: posix
gcc version 4.8.5 20150623 (Red Hat 4.8.5-4) (GCC) 
configure:2421: $? = 0
configure:2410: gcc -V >&5
gcc: error: unrecognized command line option '-V'
gcc: fatal error: no input files
compilation terminated.
configure:2421: $? = 4
configure:2410: gcc -qversion >&5
gcc: error: unrecognized command line option '-qversion'
gcc: fatal error: no input files
compilation terminated.
configure:2421: $? = 4
configure:2441: checking whether the C compiler works
configure:2463: gcc -UNDEBUG -Wall -pedantic -g -O0   conftest.c  >&5
configure:2467: $? = 0
configure:2515: result: yes
configure:2518: checking for C compiler default output file name
configure:2520: result: a.out
configure:2526: checking for suffix of executables
configure:2533: gcc -o conftest -UNDEBUG -Wall -pedantic -g -O0   conftest.c  >&5
configure:2537: $? = 0
configure:2559: result: 
configure:2581: checking whether we are cross compiling
configure:2589: gcc -o conftest -UNDEBUG -Wall -pedantic -g -O0   conftest.c  >&5
configure:2593: $? = 0
configure:2600: ./conftest
configure:2604: $? = 0
configure:2619: result: no
configure:2624: checking for suffix of object files
configure:2646: gcc -c -UNDEBUG -Wall -pedantic -g -O0  conftest.c >&5
configure:2650: $? = 0
configure:2671: result: o
configure:2675: checking whether we are using the GNU C compiler
configure:2694: gcc -c -UNDEBUG -Wall -pedantic -g -O0  conftest.c >&5
configure:2694: $? = 0
configure:2703: result: yes
configure:2712: checking whether gcc accepts -g
configure:2732: gcc -c -g  conftest.c >&5
configure:2732: $? = 0
configure:2773: result: yes
configure:2790: checking for gcc option to accept ISO C89
configure:2853: gcc  -c -UNDEBUG -Wall -pedantic -g -O0  conftest.c >&5
configure:2853: $? = 0
configure:2866: result: none needed
configure:2929: checking for ranlib
configure:2945: found /usr/bin/ranlib
configure:2956: result: ranlib
configure:2997: checking for special C compiler options needed for large files
configure:3042: result: no
configure:3048: checking for _FILE_OFFSET_BITS value needed for large files
configure:3073: gcc -c -UNDEBUG -Wall -pedantic -g -O0  conftest.c >&5
configure:3073: $? = 0
configure:3105: result: no
configure:3243: checking shared library type
configure:3263: result: plain .so
configure:3272: checking how to run the C preprocessor
configure:3303: gcc -E  conftest.c
configure:3303: $? = 0
configure:3317: gcc -E  conftest.c
conftest.c:9:28: fatal error: ac_nonexistent.h: No such file or directory
 #include <ac_nonexistent.h>
                            ^
compilation terminated.
configure:3317: $? = 1
configure: failed program was:
| /* confdefs.h */
| #define PACKAGE_NAME "HTSlib"
| #define PACKAGE_TARNAME "htslib"
| #define PACKAGE_VERSION "1.3.2"
| #define PACKAGE_STRING "HTSlib 1.3.2"
| #define PACKAGE_BUGREPORT "samtools-help@lists.sourceforge.net"
| #define PACKAGE_URL "http://www.htslib.org/"
| /* end confdefs.h.  */
| #include <ac_nonexistent.h>
configure:3342: result: gcc -E
configure:3362: gcc -E  conftest.c
configure:3362: $? = 0
configure:3376: gcc -E  conftest.c
conftest.c:9:28: fatal error: ac_nonexistent.h: No such file or directory
 #include <ac_nonexistent.h>
                            ^
compilation terminated.
configure:3376: $? = 1
configure: failed program was:
| /* confdefs.h */
| #define PACKAGE_NAME "HTSlib"
| #define PACKAGE_TARNAME "htslib"
| #define PACKAGE_VERSION "1.3.2"
| #define PACKAGE_STRING "HTSlib 1.3.2"
| #define PACKAGE_BUGREPORT "samtools-help@lists.sourceforge.net"
| #define PACKAGE_URL "http://www.htslib.org/"
| /* end confdefs.h.  */
| #include <ac_nonexistent.h>
configure:3405: checking for grep that handles long lines and -e
configure:3463: result: /usr/bin/grep
configure:3468: checking for egrep
configure:3530: result: /usr/bin/grep -E
configure:3535: checking for ANSI C header files
configure:3555: gcc -c -UNDEBUG -Wall -pedantic -g -O0  conftest.c >&5
configure:3555: $? = 0
configure:3628: gcc -o conftest -UNDEBUG -Wall -pedantic -g -O0   conftest.c  >&5
configure:3628: $? = 0
configure:3628: ./conftest
configure:3628: $? = 0
configure:3639: result: yes
configure:3652: checking for sys/types.h
configure:3652: gcc -c -UNDEBUG -Wall -pedantic -g -O0  conftest.c >&5
configure:3652: $? = 0
configure:3652: result: yes
configure:3652: checking for sys/stat.h
configure:3652: gcc -c -UNDEBUG -Wall -pedantic -g -O0  conftest.c >&5
configure:3652: $? = 0
configure:3652: result: yes
configure:3652: checking for stdlib.h
configure:3652: gcc -c -UNDEBUG -Wall -pedantic -g -O0  conftest.c >&5
configure:3652: $? = 0
configure:3652: result: yes
configure:3652: checking for string.h
configure:3652: gcc -c -UNDEBUG -Wall -pedantic -g -O0  conftest.c >&5
configure:3652: $? = 0
configure:3652: result: yes
configure:3652: checking for memory.h
configure:3652: gcc -c -UNDEBUG -Wall -pedantic -g -O0  conftest.c >&5
configure:3652: $? = 0
configure:3652: result: yes
configure:3652: checking for strings.h
configure:3652: gcc -c -UNDEBUG -Wall -pedantic -g -O0  conftest.c >&5
configure:3652: $? = 0
configure:3652: result: yes
configure:3652: checking for inttypes.h
configure:3652: gcc -c -UNDEBUG -Wall -pedantic -g -O0  conftest.c >&5
configure:3652: $? = 0
configure:3652: result: yes
configure:3652: checking for stdint.h
configure:3652: gcc -c -UNDEBUG -Wall -pedantic -g -O0  conftest.c >&5
configure:3652: $? = 0
configure:3652: result: yes
configure:3652: checking for unistd.h
configure:3652: gcc -c -UNDEBUG -Wall -pedantic -g -O0  conftest.c >&5
configure:3652: $? = 0
configure:3652: result: yes
configure:3670: checking for stdlib.h
configure:3670: result: yes
configure:3670: checking for unistd.h
configure:3670: result: yes
configure:3670: checking for sys/param.h
configure:3670: gcc -c -UNDEBUG -Wall -pedantic -g -O0  conftest.c >&5
configure:3670: $? = 0
configure:3670: result: yes
configure:3690: checking for getpagesize
configure:3690: gcc -o conftest -UNDEBUG -Wall -pedantic -g -O0   conftest.c  >&5
configure:3690: $? = 0
configure:3690: result: yes
configure:3699: checking for working mmap
configure:3846: gcc -o conftest -UNDEBUG -Wall -pedantic -g -O0   conftest.c  >&5
configure:3846: $? = 0
configure:3846: ./conftest
configure:3846: $? = 0
configure:3856: result: yes
configure:3867: checking for gmtime_r
configure:3867: gcc -o conftest -UNDEBUG -Wall -pedantic -g -O0   conftest.c  >&5
configure:3867: $? = 0
configure:3867: result: yes
configure:3879: checking whether fdatasync is declared
configure:3879: gcc -c -UNDEBUG -Wall -pedantic -g -O0  conftest.c >&5
configure:3879: $? = 0
configure:3879: result: yes
configure:3883: checking for fdatasync
configure:3883: gcc -o conftest -UNDEBUG -Wall -pedantic -g -O0   conftest.c  >&5
configure:3883: $? = 0
configure:3883: result: yes
configure:3972: checking for zlib.h
configure:3972: gcc -c -UNDEBUG -Wall -pedantic -g -O0  conftest.c >&5
conftest.c:26:1: warning: ISO C does not allow extra ';' outside of a function [-Wpedantic]
 ;
 ^
configure:3972: $? = 0
configure:3972: result: yes
configure:3981: checking for inflate in -lz
configure:4006: gcc -o conftest -UNDEBUG -Wall -pedantic -g -O0   conftest.c -lz   >&5
configure:4006: $? = 0
configure:4015: result: yes
configure:4157: WARNING: GCS support not enabled: requires libcurl support
configure:4179: WARNING: S3 support not enabled: requires libcurl support
configure:4394: creating ./config.status

## ---------------------- ##
## Running config.status. ##
## ---------------------- ##

This file was extended by HTSlib config.status 1.3.2, which was
generated by GNU Autoconf 2.69.  Invocation command line was

  CONFIG_FILES    = 
  CONFIG_HEADERS  = 
  CONFIG_LINKS    = 
  CONFIG_COMMANDS = 
  $ ./config.status 

on mskilab01.nygenome.org

config.status:816: creating config.mk
config.status:816: creating config.h
config.status:986: config.h is unchanged

## ---------------- ##
## Cache variables. ##
## ---------------- ##

ac_cv_c_compiler_gnu=yes
ac_cv_env_CC_set=
ac_cv_env_CC_value=
ac_cv_env_CFLAGS_set=set
ac_cv_env_CFLAGS_value='-UNDEBUG -Wall -pedantic -g -O0'
ac_cv_env_CPPFLAGS_set=
ac_cv_env_CPPFLAGS_value=
ac_cv_env_CPP_set=
ac_cv_env_CPP_value=
ac_cv_env_LDFLAGS_set=
ac_cv_env_LDFLAGS_value=
ac_cv_env_LIBS_set=
ac_cv_env_LIBS_value=
ac_cv_env_build_alias_set=
ac_cv_env_build_alias_value=
ac_cv_env_host_alias_set=
ac_cv_env_host_alias_value=
ac_cv_env_target_alias_set=
ac_cv_env_target_alias_value=
ac_cv_func_fdatasync=yes
ac_cv_func_getpagesize=yes
ac_cv_func_gmtime_r=yes
ac_cv_func_mmap_fixed_mapped=yes
ac_cv_have_decl_fdatasync_int_=yes
ac_cv_header_inttypes_h=yes
ac_cv_header_memory_h=yes
ac_cv_header_stdc=yes
ac_cv_header_stdint_h=yes
ac_cv_header_stdlib_h=yes
ac_cv_header_string_h=yes
ac_cv_header_strings_h=yes
ac_cv_header_sys_param_h=yes
ac_cv_header_sys_stat_h=yes
ac_cv_header_sys_types_h=yes
ac_cv_header_unistd_h=yes
ac_cv_header_zlib_h=yes
ac_cv_lib_z_inflate=yes
ac_cv_objext=o
ac_cv_path_EGREP='/usr/bin/grep -E'
ac_cv_path_GREP=/usr/bin/grep
ac_cv_prog_CPP='gcc -E'
ac_cv_prog_ac_ct_CC=gcc
ac_cv_prog_ac_ct_RANLIB=ranlib
ac_cv_prog_cc_c89=
ac_cv_prog_cc_g=yes
ac_cv_sys_file_offset_bits=no
ac_cv_sys_largefile_CC=no

## ----------------- ##
## Output variables. ##
## ----------------- ##

CC='gcc'
CFLAGS='-UNDEBUG -Wall -pedantic -g -O0'
CPP='gcc -E'
CPPFLAGS=''
CRYPTO_LIBS=''
DEFS='-DHAVE_CONFIG_H'
ECHO_C=''
ECHO_N='-n'
ECHO_T=''
EGREP='/usr/bin/grep -E'
EXEEXT=''
GREP='/usr/bin/grep'
LDFLAGS=''
LIBOBJS=''
LIBS=''
LTLIBOBJS=''
OBJEXT='o'
PACKAGE_BUGREPORT='samtools-help@lists.sourceforge.net'
PACKAGE_NAME='HTSlib'
PACKAGE_STRING='HTSlib 1.3.2'
PACKAGE_TARNAME='htslib'
PACKAGE_URL='http://www.htslib.org/'
PACKAGE_VERSION='1.3.2'
PATH_SEPARATOR=':'
PLATFORM='default'
PLUGIN_EXT='.so'
RANLIB='ranlib'
SHELL='/bin/sh'
ac_ct_CC='gcc'
bindir='${exec_prefix}/bin'
build_alias=''
datadir='${datarootdir}'
datarootdir='${prefix}/share'
docdir='${datarootdir}/doc/${PACKAGE_TARNAME}'
dvidir='${docdir}'
enable_plugins='no'
exec_prefix='${prefix}'
gcs='disabled'
host_alias='unknown-Linux'
htmldir='${docdir}'
includedir='${prefix}/include'
infodir='${datarootdir}/info'
libcurl='disabled'
libdir='${exec_prefix}/lib'
libexecdir='${exec_prefix}/libexec'
localedir='${datarootdir}/locale'
localstatedir='${prefix}/var'
mandir='${datarootdir}/man'
oldincludedir='/usr/include'
pdfdir='${docdir}'
plugindir='$(libexecdir)/htslib'
pluginpath='$(libexecdir)/htslib'
prefix='/usr/local'
program_transform_name='s,x,x,'
psdir='${docdir}'
s3='disabled'
sbindir='${exec_prefix}/sbin'
sharedstatedir='${prefix}/com'
sysconfdir='${prefix}/etc'
target_alias=''

## ----------- ##
## confdefs.h. ##
## ----------- ##

/* confdefs.h */
#define PACKAGE_NAME "HTSlib"
#define PACKAGE_TARNAME "htslib"
#define PACKAGE_VERSION "1.3.2"
#define PACKAGE_STRING "HTSlib 1.3.2"
#define PACKAGE_BUGREPORT "samtools-help@lists.sourceforge.net"
#define PACKAGE_URL "http://www.htslib.org/"
#define STDC_HEADERS 1
#define HAVE_SYS_TYPES_H 1
#define HAVE_SYS_STAT_H 1
#define HAVE_STDLIB_H 1
#define HAVE_STRING_H 1
#define HAVE_MEMORY_H 1
#define HAVE_STRINGS_H 1
#define HAVE_INTTYPES_H 1
#define HAVE_STDINT_H 1
#define HAVE_UNISTD_H 1
#define HAVE_STDLIB_H 1
#define HAVE_UNISTD_H 1
#define HAVE_SYS_PARAM_H 1
#define HAVE_GETPAGESIZE 1
#define HAVE_MMAP 1
#define HAVE_GMTIME_R 1
#define HAVE_FDATASYNC 1
#define HAVE_LIBZ 1

configure: exit 0
