The system is: Darwin - 16.7.0 - x86_64
Compiling the C compiler identification source file "CMakeCCompilerId.c" succeeded.
Compiler: /Library/Developer/CommandLineTools/usr/bin/cc 
Build flags: ;-fPIC
Id flags:  

The output was:
0


Compilation of the C compiler identification source "CMakeCCompilerId.c" produced "a.out"

The C compiler identification is AppleClang, found in "/Users/ebiederstedt/bambi/src/zlib/build/CMakeFiles/3.11.1/CompilerIdC/a.out"

Determining if the C compiler works passed with the following output:
Change Dir: /Users/ebiederstedt/bambi/src/zlib/build/CMakeFiles/CMakeTmp

Run Build Command:"/usr/bin/make" "cmTC_6207d/fast"
make -f CMakeFiles/cmTC_6207d.dir/build.make CMakeFiles/cmTC_6207d.dir/build
Building C object CMakeFiles/cmTC_6207d.dir/testCCompiler.c.o
/Library/Developer/CommandLineTools/usr/bin/cc   -fPIC    -o CMakeFiles/cmTC_6207d.dir/testCCompiler.c.o   -c /Users/ebiederstedt/bambi/src/zlib/build/CMakeFiles/CMakeTmp/testCCompiler.c
Linking C executable cmTC_6207d
/usr/local/Cellar/cmake/3.11.1/bin/cmake -E cmake_link_script CMakeFiles/cmTC_6207d.dir/link.txt --verbose=1
/Library/Developer/CommandLineTools/usr/bin/cc -fPIC  -Wl,-search_paths_first -Wl,-headerpad_max_install_names   CMakeFiles/cmTC_6207d.dir/testCCompiler.c.o  -o cmTC_6207d 


Detecting C compiler ABI info compiled with the following output:
Change Dir: /Users/ebiederstedt/bambi/src/zlib/build/CMakeFiles/CMakeTmp

Run Build Command:"/usr/bin/make" "cmTC_cd310/fast"
make -f CMakeFiles/cmTC_cd310.dir/build.make CMakeFiles/cmTC_cd310.dir/build
Building C object CMakeFiles/cmTC_cd310.dir/CMakeCCompilerABI.c.o
/Library/Developer/CommandLineTools/usr/bin/cc   -fPIC    -o CMakeFiles/cmTC_cd310.dir/CMakeCCompilerABI.c.o   -c /usr/local/Cellar/cmake/3.11.1/share/cmake/Modules/CMakeCCompilerABI.c
Linking C executable cmTC_cd310
/usr/local/Cellar/cmake/3.11.1/bin/cmake -E cmake_link_script CMakeFiles/cmTC_cd310.dir/link.txt --verbose=1
/Library/Developer/CommandLineTools/usr/bin/cc -fPIC  -Wl,-search_paths_first -Wl,-headerpad_max_install_names  -v -Wl,-v CMakeFiles/cmTC_cd310.dir/CMakeCCompilerABI.c.o  -o cmTC_cd310 
Apple LLVM version 9.0.0 (clang-900.0.39.2)
Target: x86_64-apple-darwin16.7.0
Thread model: posix
InstalledDir: /Library/Developer/CommandLineTools/usr/bin
 "/Library/Developer/CommandLineTools/usr/bin/ld" -demangle -lto_library /Library/Developer/CommandLineTools/usr/lib/libLTO.dylib -dynamic -arch x86_64 -macosx_version_min 10.12.0 -o cmTC_cd310 -search_paths_first -headerpad_max_install_names -v CMakeFiles/cmTC_cd310.dir/CMakeCCompilerABI.c.o -lSystem /Library/Developer/CommandLineTools/usr/lib/clang/9.0.0/lib/darwin/libclang_rt.osx.a
@(#)PROGRAM:ld  PROJECT:ld64-305
configured to support archs: armv6 armv7 armv7s arm64 i386 x86_64 x86_64h armv6m armv7k armv7m armv7em (tvOS)
Library search paths:
	/usr/lib
	/usr/local/lib
Framework search paths:
	/Library/Frameworks/
	/System/Library/Frameworks/


Parsed C implicit link information from above output:
  link line regex: [^( *|.*[/\])(ld|CMAKE_LINK_STARTFILE-NOTFOUND|([^/\]+-)?ld|collect2)[^/\]*( |$)]
  ignore line: [Change Dir: /Users/ebiederstedt/bambi/src/zlib/build/CMakeFiles/CMakeTmp]
  ignore line: []
  ignore line: [Run Build Command:"/usr/bin/make" "cmTC_cd310/fast"]
  ignore line: [make -f CMakeFiles/cmTC_cd310.dir/build.make CMakeFiles/cmTC_cd310.dir/build]
  ignore line: [Building C object CMakeFiles/cmTC_cd310.dir/CMakeCCompilerABI.c.o]
  ignore line: [/Library/Developer/CommandLineTools/usr/bin/cc   -fPIC    -o CMakeFiles/cmTC_cd310.dir/CMakeCCompilerABI.c.o   -c /usr/local/Cellar/cmake/3.11.1/share/cmake/Modules/CMakeCCompilerABI.c]
  ignore line: [Linking C executable cmTC_cd310]
  ignore line: [/usr/local/Cellar/cmake/3.11.1/bin/cmake -E cmake_link_script CMakeFiles/cmTC_cd310.dir/link.txt --verbose=1]
  ignore line: [/Library/Developer/CommandLineTools/usr/bin/cc -fPIC  -Wl,-search_paths_first -Wl,-headerpad_max_install_names  -v -Wl,-v CMakeFiles/cmTC_cd310.dir/CMakeCCompilerABI.c.o  -o cmTC_cd310 ]
  ignore line: [Apple LLVM version 9.0.0 (clang-900.0.39.2)]
  ignore line: [Target: x86_64-apple-darwin16.7.0]
  ignore line: [Thread model: posix]
  ignore line: [InstalledDir: /Library/Developer/CommandLineTools/usr/bin]
  link line: [ "/Library/Developer/CommandLineTools/usr/bin/ld" -demangle -lto_library /Library/Developer/CommandLineTools/usr/lib/libLTO.dylib -dynamic -arch x86_64 -macosx_version_min 10.12.0 -o cmTC_cd310 -search_paths_first -headerpad_max_install_names -v CMakeFiles/cmTC_cd310.dir/CMakeCCompilerABI.c.o -lSystem /Library/Developer/CommandLineTools/usr/lib/clang/9.0.0/lib/darwin/libclang_rt.osx.a]
    arg [/Library/Developer/CommandLineTools/usr/bin/ld] ==> ignore
    arg [-demangle] ==> ignore
    arg [-lto_library] ==> ignore, skip following value
    arg [/Library/Developer/CommandLineTools/usr/lib/libLTO.dylib] ==> skip value of -lto_library
    arg [-dynamic] ==> ignore
    arg [-arch] ==> ignore
    arg [x86_64] ==> ignore
    arg [-macosx_version_min] ==> ignore
    arg [10.12.0] ==> ignore
    arg [-o] ==> ignore
    arg [cmTC_cd310] ==> ignore
    arg [-search_paths_first] ==> ignore
    arg [-headerpad_max_install_names] ==> ignore
    arg [-v] ==> ignore
    arg [CMakeFiles/cmTC_cd310.dir/CMakeCCompilerABI.c.o] ==> ignore
    arg [-lSystem] ==> lib [System]
    arg [/Library/Developer/CommandLineTools/usr/lib/clang/9.0.0/lib/darwin/libclang_rt.osx.a] ==> lib [/Library/Developer/CommandLineTools/usr/lib/clang/9.0.0/lib/darwin/libclang_rt.osx.a]
  Library search paths: [;/usr/lib;/usr/local/lib]
  Framework search paths: [;/Library/Frameworks/;/System/Library/Frameworks/]
  remove lib [System]
  remove lib [/Library/Developer/CommandLineTools/usr/lib/clang/9.0.0/lib/darwin/libclang_rt.osx.a]
  collapse library dir [/usr/lib] ==> [/usr/lib]
  collapse library dir [/usr/local/lib] ==> [/usr/local/lib]
  collapse framework dir [/Library/Frameworks/] ==> [/Library/Frameworks]
  collapse framework dir [/System/Library/Frameworks/] ==> [/System/Library/Frameworks]
  implicit libs: []
  implicit dirs: [/usr/lib;/usr/local/lib]
  implicit fwks: [/Library/Frameworks;/System/Library/Frameworks]




Detecting C [-std=c11] compiler features compiled with the following output:
Change Dir: /Users/ebiederstedt/bambi/src/zlib/build/CMakeFiles/CMakeTmp

Run Build Command:"/usr/bin/make" "cmTC_e6672/fast"
make -f CMakeFiles/cmTC_e6672.dir/build.make CMakeFiles/cmTC_e6672.dir/build
Building C object CMakeFiles/cmTC_e6672.dir/feature_tests.c.o
/Library/Developer/CommandLineTools/usr/bin/cc   -fPIC    -std=c11 -o CMakeFiles/cmTC_e6672.dir/feature_tests.c.o   -c /Users/ebiederstedt/bambi/src/zlib/build/CMakeFiles/feature_tests.c
Linking C executable cmTC_e6672
/usr/local/Cellar/cmake/3.11.1/bin/cmake -E cmake_link_script CMakeFiles/cmTC_e6672.dir/link.txt --verbose=1
/Library/Developer/CommandLineTools/usr/bin/cc -fPIC  -Wl,-search_paths_first -Wl,-headerpad_max_install_names   CMakeFiles/cmTC_e6672.dir/feature_tests.c.o  -o cmTC_e6672 


    Feature record: C_FEATURE:1c_function_prototypes
    Feature record: C_FEATURE:1c_restrict
    Feature record: C_FEATURE:1c_static_assert
    Feature record: C_FEATURE:1c_variadic_macros


Detecting C [-std=c99] compiler features compiled with the following output:
Change Dir: /Users/ebiederstedt/bambi/src/zlib/build/CMakeFiles/CMakeTmp

Run Build Command:"/usr/bin/make" "cmTC_c1226/fast"
make -f CMakeFiles/cmTC_c1226.dir/build.make CMakeFiles/cmTC_c1226.dir/build
Building C object CMakeFiles/cmTC_c1226.dir/feature_tests.c.o
/Library/Developer/CommandLineTools/usr/bin/cc   -fPIC    -std=c99 -o CMakeFiles/cmTC_c1226.dir/feature_tests.c.o   -c /Users/ebiederstedt/bambi/src/zlib/build/CMakeFiles/feature_tests.c
Linking C executable cmTC_c1226
/usr/local/Cellar/cmake/3.11.1/bin/cmake -E cmake_link_script CMakeFiles/cmTC_c1226.dir/link.txt --verbose=1
/Library/Developer/CommandLineTools/usr/bin/cc -fPIC  -Wl,-search_paths_first -Wl,-headerpad_max_install_names   CMakeFiles/cmTC_c1226.dir/feature_tests.c.o  -o cmTC_c1226 


    Feature record: C_FEATURE:1c_function_prototypes
    Feature record: C_FEATURE:1c_restrict
    Feature record: C_FEATURE:0c_static_assert
    Feature record: C_FEATURE:1c_variadic_macros


Detecting C [-std=c90] compiler features compiled with the following output:
Change Dir: /Users/ebiederstedt/bambi/src/zlib/build/CMakeFiles/CMakeTmp

Run Build Command:"/usr/bin/make" "cmTC_3b473/fast"
make -f CMakeFiles/cmTC_3b473.dir/build.make CMakeFiles/cmTC_3b473.dir/build
Building C object CMakeFiles/cmTC_3b473.dir/feature_tests.c.o
/Library/Developer/CommandLineTools/usr/bin/cc   -fPIC    -std=c90 -o CMakeFiles/cmTC_3b473.dir/feature_tests.c.o   -c /Users/ebiederstedt/bambi/src/zlib/build/CMakeFiles/feature_tests.c
Linking C executable cmTC_3b473
/usr/local/Cellar/cmake/3.11.1/bin/cmake -E cmake_link_script CMakeFiles/cmTC_3b473.dir/link.txt --verbose=1
/Library/Developer/CommandLineTools/usr/bin/cc -fPIC  -Wl,-search_paths_first -Wl,-headerpad_max_install_names   CMakeFiles/cmTC_3b473.dir/feature_tests.c.o  -o cmTC_3b473 


    Feature record: C_FEATURE:1c_function_prototypes
    Feature record: C_FEATURE:0c_restrict
    Feature record: C_FEATURE:0c_static_assert
    Feature record: C_FEATURE:0c_variadic_macros
Determining if the include file sys/types.h exists passed with the following output:
Change Dir: /Users/ebiederstedt/bambi/src/zlib/build/CMakeFiles/CMakeTmp

Run Build Command:"/usr/bin/make" "cmTC_ce7c6/fast"
make -f CMakeFiles/cmTC_ce7c6.dir/build.make CMakeFiles/cmTC_ce7c6.dir/build
Building C object CMakeFiles/cmTC_ce7c6.dir/CheckIncludeFile.c.o
/Library/Developer/CommandLineTools/usr/bin/cc   -fPIC    -o CMakeFiles/cmTC_ce7c6.dir/CheckIncludeFile.c.o   -c /Users/ebiederstedt/bambi/src/zlib/build/CMakeFiles/CMakeTmp/CheckIncludeFile.c
Linking C executable cmTC_ce7c6
/usr/local/Cellar/cmake/3.11.1/bin/cmake -E cmake_link_script CMakeFiles/cmTC_ce7c6.dir/link.txt --verbose=1
/Library/Developer/CommandLineTools/usr/bin/cc -fPIC  -Wl,-search_paths_first -Wl,-headerpad_max_install_names   CMakeFiles/cmTC_ce7c6.dir/CheckIncludeFile.c.o  -o cmTC_ce7c6 


Determining if the include file stdint.h exists passed with the following output:
Change Dir: /Users/ebiederstedt/bambi/src/zlib/build/CMakeFiles/CMakeTmp

Run Build Command:"/usr/bin/make" "cmTC_1da36/fast"
make -f CMakeFiles/cmTC_1da36.dir/build.make CMakeFiles/cmTC_1da36.dir/build
Building C object CMakeFiles/cmTC_1da36.dir/CheckIncludeFile.c.o
/Library/Developer/CommandLineTools/usr/bin/cc   -fPIC    -o CMakeFiles/cmTC_1da36.dir/CheckIncludeFile.c.o   -c /Users/ebiederstedt/bambi/src/zlib/build/CMakeFiles/CMakeTmp/CheckIncludeFile.c
Linking C executable cmTC_1da36
/usr/local/Cellar/cmake/3.11.1/bin/cmake -E cmake_link_script CMakeFiles/cmTC_1da36.dir/link.txt --verbose=1
/Library/Developer/CommandLineTools/usr/bin/cc -fPIC  -Wl,-search_paths_first -Wl,-headerpad_max_install_names   CMakeFiles/cmTC_1da36.dir/CheckIncludeFile.c.o  -o cmTC_1da36 


Determining if the include file stddef.h exists passed with the following output:
Change Dir: /Users/ebiederstedt/bambi/src/zlib/build/CMakeFiles/CMakeTmp

Run Build Command:"/usr/bin/make" "cmTC_1b633/fast"
make -f CMakeFiles/cmTC_1b633.dir/build.make CMakeFiles/cmTC_1b633.dir/build
Building C object CMakeFiles/cmTC_1b633.dir/CheckIncludeFile.c.o
/Library/Developer/CommandLineTools/usr/bin/cc   -fPIC    -o CMakeFiles/cmTC_1b633.dir/CheckIncludeFile.c.o   -c /Users/ebiederstedt/bambi/src/zlib/build/CMakeFiles/CMakeTmp/CheckIncludeFile.c
Linking C executable cmTC_1b633
/usr/local/Cellar/cmake/3.11.1/bin/cmake -E cmake_link_script CMakeFiles/cmTC_1b633.dir/link.txt --verbose=1
/Library/Developer/CommandLineTools/usr/bin/cc -fPIC  -Wl,-search_paths_first -Wl,-headerpad_max_install_names   CMakeFiles/cmTC_1b633.dir/CheckIncludeFile.c.o  -o cmTC_1b633 


Determining if the function fseeko exists passed with the following output:
Change Dir: /Users/ebiederstedt/bambi/src/zlib/build/CMakeFiles/CMakeTmp

Run Build Command:"/usr/bin/make" "cmTC_5a00a/fast"
make -f CMakeFiles/cmTC_5a00a.dir/build.make CMakeFiles/cmTC_5a00a.dir/build
Building C object CMakeFiles/cmTC_5a00a.dir/CheckFunctionExists.c.o
/Library/Developer/CommandLineTools/usr/bin/cc   -fPIC -DCHECK_FUNCTION_EXISTS=fseeko   -o CMakeFiles/cmTC_5a00a.dir/CheckFunctionExists.c.o   -c /usr/local/Cellar/cmake/3.11.1/share/cmake/Modules/CheckFunctionExists.c
Linking C executable cmTC_5a00a
/usr/local/Cellar/cmake/3.11.1/bin/cmake -E cmake_link_script CMakeFiles/cmTC_5a00a.dir/link.txt --verbose=1
/Library/Developer/CommandLineTools/usr/bin/cc -fPIC -DCHECK_FUNCTION_EXISTS=fseeko -Wl,-search_paths_first -Wl,-headerpad_max_install_names   CMakeFiles/cmTC_5a00a.dir/CheckFunctionExists.c.o  -o cmTC_5a00a 


Determining if the include file unistd.h exists passed with the following output:
Change Dir: /Users/ebiederstedt/bambi/src/zlib/build/CMakeFiles/CMakeTmp

Run Build Command:"/usr/bin/make" "cmTC_33e95/fast"
make -f CMakeFiles/cmTC_33e95.dir/build.make CMakeFiles/cmTC_33e95.dir/build
Building C object CMakeFiles/cmTC_33e95.dir/CheckIncludeFile.c.o
/Library/Developer/CommandLineTools/usr/bin/cc   -fPIC    -o CMakeFiles/cmTC_33e95.dir/CheckIncludeFile.c.o   -c /Users/ebiederstedt/bambi/src/zlib/build/CMakeFiles/CMakeTmp/CheckIncludeFile.c
Linking C executable cmTC_33e95
/usr/local/Cellar/cmake/3.11.1/bin/cmake -E cmake_link_script CMakeFiles/cmTC_33e95.dir/link.txt --verbose=1
/Library/Developer/CommandLineTools/usr/bin/cc -fPIC  -Wl,-search_paths_first -Wl,-headerpad_max_install_names   CMakeFiles/cmTC_33e95.dir/CheckIncludeFile.c.o  -o cmTC_33e95 


